<?xml version="1.0" encoding="UTF-8"?>
<testsuite xmlns:xsi="http://www.w3.org/2001/XMLSchema-instance" xsi:noNamespaceSchemaLocation="https://maven.apache.org/surefire/maven-surefire-plugin/xsd/surefire-test-report-3.0.xsd" version="3.0" name="in.test.AppTest" time="0.08" tests="4" errors="0" skipped="0" failures="0">
  <properties>
    <property name="java.specification.version" value="17"/>
    <property name="sun.jnu.encoding" value="UTF-8"/>
    <property name="java.class.path" value="/home/tector/Documents/workspace-spring-tool-suite-4-4.13.1.RELEASE/testExampleTagAnnotation/target/test-classes:/home/tector/Documents/workspace-spring-tool-suite-4-4.13.1.RELEASE/testExampleTagAnnotation/target/classes:/home/tector/.m2/repository/org/junit/jupiter/junit-jupiter-api/5.8.2/junit-jupiter-api-5.8.2.jar:/home/tector/.m2/repository/org/opentest4j/opentest4j/1.2.0/opentest4j-1.2.0.jar:/home/tector/.m2/repository/org/junit/platform/junit-platform-commons/1.8.2/junit-platform-commons-1.8.2.jar:/home/tector/.m2/repository/org/apiguardian/apiguardian-api/1.1.2/apiguardian-api-1.1.2.jar:"/>
    <property name="java.vm.vendor" value="Eclipse Adoptium"/>
    <property name="sun.arch.data.model" value="64"/>
    <property name="java.vendor.url" value="https://adoptium.net/"/>
    <property name="os.name" value="Linux"/>
    <property name="java.vm.specification.version" value="17"/>
    <property name="sun.java.launcher" value="SUN_STANDARD"/>
    <property name="user.country" value="IN"/>
    <property name="sun.boot.library.path" value="/home/tector/Downloads/sts/sts-4.13.1.RELEASE/plugins/org.eclipse.justj.openjdk.hotspot.jre.full.linux.x86_64_17.0.1.v20211116-1657/jre/lib"/>
    <property name="sun.java.command" value="/home/tector/Documents/workspace-spring-tool-suite-4-4.13.1.RELEASE/testExampleTagAnnotation/target/surefire/surefirebooter-20220725192310493_3.jar /home/tector/Documents/workspace-spring-tool-suite-4-4.13.1.RELEASE/testExampleTagAnnotation/target/surefire 2022-07-25T19-23-10_298-jvmRun1 surefire-20220725192310493_1tmp surefire_0-20220725192310493_2tmp"/>
    <property name="jdk.debug" value="release"/>
    <property name="surefire.test.class.path" value="/home/tector/Documents/workspace-spring-tool-suite-4-4.13.1.RELEASE/testExampleTagAnnotation/target/test-classes:/home/tector/Documents/workspace-spring-tool-suite-4-4.13.1.RELEASE/testExampleTagAnnotation/target/classes:/home/tector/.m2/repository/org/junit/jupiter/junit-jupiter-api/5.8.2/junit-jupiter-api-5.8.2.jar:/home/tector/.m2/repository/org/opentest4j/opentest4j/1.2.0/opentest4j-1.2.0.jar:/home/tector/.m2/repository/org/junit/platform/junit-platform-commons/1.8.2/junit-platform-commons-1.8.2.jar:/home/tector/.m2/repository/org/apiguardian/apiguardian-api/1.1.2/apiguardian-api-1.1.2.jar:"/>
    <property name="sun.cpu.endian" value="little"/>
    <property name="user.home" value="/home/tector"/>
    <property name="user.language" value="en"/>
    <property name="java.specification.vendor" value="Oracle Corporation"/>
    <property name="java.version.date" value="2021-10-19"/>
    <property name="java.home" value="/home/tector/Downloads/sts/sts-4.13.1.RELEASE/plugins/org.eclipse.justj.openjdk.hotspot.jre.full.linux.x86_64_17.0.1.v20211116-1657/jre"/>
    <property name="file.separator" value="/"/>
    <property name="basedir" value="/home/tector/Documents/workspace-spring-tool-suite-4-4.13.1.RELEASE/testExampleTagAnnotation"/>
    <property name="java.vm.compressedOopsMode" value="32-bit"/>
    <property name="line.separator" value="&#10;"/>
    <property name="java.vm.specification.vendor" value="Oracle Corporation"/>
    <property name="java.specification.name" value="Java Platform API Specification"/>
    <property name="surefire.real.class.path" value="/home/tector/Documents/workspace-spring-tool-suite-4-4.13.1.RELEASE/testExampleTagAnnotation/target/surefire/surefirebooter-20220725192310493_3.jar"/>
    <property name="sun.management.compiler" value="HotSpot 64-Bit Tiered Compilers"/>
    <property name="java.runtime.version" value="17.0.1+12"/>
    <property name="user.name" value="tector"/>
    <property name="path.separator" value=":"/>
    <property name="os.version" value="4.15.0-133-generic"/>
    <property name="java.runtime.name" value="OpenJDK Runtime Environment"/>
    <property name="file.encoding" value="UTF-8"/>
    <property name="java.vm.name" value="OpenJDK 64-Bit Server VM"/>
    <property name="java.vendor.version" value="Temurin-17.0.1+12"/>
    <property name="localRepository" value="/home/tector/.m2/repository"/>
    <property name="java.vendor.url.bug" value="https://github.com/adoptium/adoptium-support/issues"/>
    <property name="java.io.tmpdir" value="/tmp"/>
    <property name="java.version" value="17.0.1"/>
    <property name="user.dir" value="/home/tector/Documents/workspace-spring-tool-suite-4-4.13.1.RELEASE/testExampleTagAnnotation"/>
    <property name="os.arch" value="amd64"/>
    <property name="java.vm.specification.name" value="Java Virtual Machine Specification"/>
    <property name="native.encoding" value="UTF-8"/>
    <property name="java.library.path" value="/usr/java/packages/lib:/usr/lib64:/lib64:/lib:/usr/lib"/>
    <property name="java.vm.info" value="mixed mode"/>
    <property name="java.vendor" value="Eclipse Adoptium"/>
    <property name="java.vm.version" value="17.0.1+12"/>
    <property name="sun.io.unicode.encoding" value="UnicodeLittle"/>
    <property name="java.class.version" value="61.0"/>
  </properties>
  <testcase name="testProd(TestInfo)[1]" classname="in.test.AppTest" time="0.029">
    <system-out><![CDATA[PRODUCTION ENVIRONMENT TEST CASES AND DISPLAY  :PRODUCTION TEST CASES IS EXECUTING......-1/2
]]></system-out>
  </testcase>
  <testcase name="testProd(TestInfo)[2]" classname="in.test.AppTest" time="0.002">
    <system-out><![CDATA[PRODUCTION ENVIRONMENT TEST CASES AND DISPLAY  :PRODUCTION TEST CASES IS EXECUTING......-2/2
]]></system-out>
  </testcase>
  <testcase name="testProdAgain(TestInfo)[1]" classname="in.test.AppTest" time="0.001">
    <system-out><![CDATA[PRODUCTION ENVIRONMENT TEST CASES AND DISPLAY  :PRODUCTION TEST CASES IS EXECUTING......-1/2
]]></system-out>
  </testcase>
  <testcase name="testProdAgain(TestInfo)[2]" classname="in.test.AppTest" time="0.001">
    <system-out><![CDATA[PRODUCTION ENVIRONMENT TEST CASES AND DISPLAY  :PRODUCTION TEST CASES IS EXECUTING......-2/2
]]></system-out>
  </testcase>
</testsuite>